<?xml version="1.0" encoding="UTF-8"?>
<testsuite xmlns:xsi="http://www.w3.org/2001/XMLSchema-instance" xsi:noNamespaceSchemaLocation="https://maven.apache.org/surefire/maven-surefire-plugin/xsd/surefire-test-report-3.0.xsd" version="3.0" name="runners.ApiRunnerTest" time="14.415" tests="2" errors="0" skipped="0" failures="0">
  <properties>
[...]
</properties>
  <testcase name="User should not be able to log in with invalid credentials" classname="User Management API Tests" time="11.784">
    <system-out><![CDATA[
@api
Scenario: User should not be able to log in with invalid credentials           # src/test/resources/features/ApiTest.feature:6
  Given User sets the base API URL to "https://reqres.in"                      # stepdefinitions.ApiStepDefinitions.userSetsTheBaseAPIURLTo(java.lang.String)
fullPath = //api/users
  Given API user sets "/api/users" path parameters                             # stepdefinitions.ApiStepDefinitions.apiUserSetsPathParameters(java.lang.String)
  When User sends a login request with "invalidUsername" and "invalidPassword" # stepdefinitions.ApiStepDefinitions.userSendsALoginRequestWithAnd(java.lang.String,java.lang.String)
  Then User should receive a login failure response                            # stepdefinitions.ApiStepDefinitions.userShouldReceiveALoginFailureResponse()
]]></system-out>
    <system-err><![CDATA[[main] INFO  - 

-------------------------------------------------------------------------------------
     _______. _______ .______       _______ .__   __.  __  .___________.____    ____ 
    /       ||   ____||   _  \     |   ____||  \ |  | |  | |           |\   \  /   / 
   |   (----`|  |__   |  |_)  |    |  |__   |   \|  | |  | `---|  |----` \   \/   /  
    \   \    |   __|  |      /     |   __|  |  . `  | |  |     |  |       \_    _/   
.----)   |   |  |____ |  |\  \----.|  |____ |  |\   | |  |     |  |         |  |     
|_______/    |_______|| _| `._____||_______||__| \__| |__|     |__|         |__|    
                                                                                     
 News and tutorials at https://serenity-bdd.info                                     
 Documentation at https://serenity-bdd.github.io                                     
 Test Automation Training and Coaching: https://www.serenity-dojo.com                
 Commercial Support: https://www.serenity-dojo.com/serenity-bdd-enterprise-support   
 Join the Serenity Community on Gitter: https://gitter.im/serenity-bdd/serenity-core 
-------------------------------------------------------------------------------------

[main] INFO  - Test Suite Started: User Management API Tests
[main] INFO  - Test Suite Started: User adds product to cart from the relevant category on the shopping page
[main] INFO  - Test Suite Started: User Management API Tests
[main] INFO  - 
  _____   ___   ___   _____     ___   _____     _     ___   _____   ___   ___  
 |_   _| | __| / __| |_   _|   / __| |_   _|   /_\   | _ \ |_   _| | __| |   \ 
   | |   | _|  \__ \   | |     \__ \   | |    / _ \  |   /   | |   | _|  | |) |
   |_|   |___| |___/   |_|     |___/   |_|   /_/ \_\ |_|_\   |_|   |___| |___/ 

User should not be able to log in with invalid credentials(user-management-apı-tests;user-should-not-be-able-to-log-in-with-invalid-credentials)
--------------------------------------------------------------------------------
[main] INFO  - 
  _____   ___   ___   _____     ___     _     ___   ___   ___   ___  
 |_   _| | __| / __| |_   _|   | _ \   /_\   / __| / __| | __| |   \ 
   | |   | _|  \__ \   | |     |  _/  / _ \  \__ \ \__ \ | _|  | |) |
   |_|   |___| |___/   |_|     |_|   /_/ \_\ |___/ |___/ |___| |___/ 

User should not be able to log in with invalid credentials
----------------------------------------------------------------------
]]></system-err>
  </testcase>
  <testcase name="User should be able to update their information" classname="User Management API Tests" time="0.497">
    <system-out><![CDATA[
@api
Scenario: User should be able to update their information # src/test/resources/features/ApiTest.feature:12
  Given User sets the base API URL to "https://reqres.in" # stepdefinitions.ApiStepDefinitions.userSetsTheBaseAPIURLTo(java.lang.String)
fullPath = //api/users/2
  Given API user sets "/api/users/2" path parameters      # stepdefinitions.ApiStepDefinitions.apiUserSetsPathParameters(java.lang.String)
  And User updates "name" and "job" information           # stepdefinitions.ApiStepDefinitions.userUpdatesAndInformation(java.lang.String,java.lang.String)
  And Verifies that the job title is "tester"             # stepdefinitions.ApiStepDefinitions.verifiesThatTheJobTitleIs(java.lang.String)
]]></system-out>
    <system-err><![CDATA[[main] INFO  - 
  _____   ___   ___   _____     ___   _____     _     ___   _____   ___   ___  
 |_   _| | __| / __| |_   _|   / __| |_   _|   /_\   | _ \ |_   _| | __| |   \ 
   | |   | _|  \__ \   | |     \__ \   | |    / _ \  |   /   | |   | _|  | |) |
   |_|   |___| |___/   |_|     |___/   |_|   /_/ \_\ |_|_\   |_|   |___| |___/ 

User should be able to update their information(user-management-apı-tests;user-should-be-able-to-update-their-information)
--------------------------------------------------------------------------------
[main] INFO  - 
  _____   ___   ___   _____     ___     _     ___   ___   ___   ___  
 |_   _| | __| / __| |_   _|   | _ \   /_\   / __| / __| | __| |   \ 
   | |   | _|  \__ \   | |     |  _/  / _ \  \__ \ \__ \ | _|  | |) |
   |_|   |___| |___/   |_|     |_|   /_/ \_\ |___/ |___/ |___| |___/ 

User should be able to update their information
----------------------------------------------------------------------
]]></system-err>
  </testcase>
</testsuite>